<?xml version="1.0" encoding="UTF-8"?>
<!-- Generated by org.testng.reporters.JUnitXMLReporter -->
<testsuite hostname="DESKTOP-GP5KJ4J" ignored="0" name="Default test" tests="13" failures="0" timestamp="16 Feb 2022 18:16:39 GMT" time="10.131" errors="0">
  <testcase name="test03" time="0.009" classname="com.tests.LoginPageTest">
    <skipped/>
  </testcase> <!-- test03 -->
  <testcase name="verifyBlankEmailField" time="0.761" classname="com.tests.LoginPageTest"/>
  <testcase name="verifyBlankPasswordField" time="0.63" classname="com.tests.LoginPageTest"/>
  <testcase name="verifyCompanyTechnologies" time="0.072" classname="com.tests.LoginPageTest"/>
  <testcase name="verifyCorrectLoginCredentials" time="4.808" classname="com.tests.LoginPageTest"/>
  <testcase name="verifyIncorrectEmail" time="0.542" classname="com.tests.LoginPageTest"/>
  <testcase name="verifyIncorrectLoginCredentials" time="1.045" classname="com.tests.LoginPageTest"/>
  <testcase name="verifyIncorrectPassword" time="0.64" classname="com.tests.LoginPageTest"/>
  <testcase name="verifyLoginBoxMsg" time="0.001" classname="com.tests.LoginPageTest">
    <skipped/>
  </testcase> <!-- verifyLoginBoxMsg -->
  <testcase name="verifyLoginPageTitle" time="0.008" classname="com.tests.LoginPageTest"/>
  <testcase name="verifyNoDataLogin" time="0.399" classname="com.tests.LoginPageTest"/>
  <testcase name="verifyRegisterNewMembershipLinkClikable" time="0.65" classname="com.tests.LoginPageTest"/>
  <testcase name="verifycompanyName" time="0.091" classname="com.tests.LoginPageTest"/>
</testsuite> <!-- Default test -->
