<?xml version="1.0" encoding="UTF-8"?>
<!-- Generated by org.testng.reporters.JUnitXMLReporter -->
<testsuite hostname="DESKTOP-GP5KJ4J" ignored="0" name="Default test" tests="13" failures="0" timestamp="12 Feb 2022 15:36:34 GMT" time="7.101" errors="0">
  <testcase name="test03" time="0.019" classname="com.tests.LoginPageTest">
    <skipped/>
  </testcase> <!-- test03 -->
  <testcase name="verifyBlankEmailField" time="1.113" classname="com.tests.LoginPageTest"/>
  <testcase name="verifyBlankPasswordField" time="0.468" classname="com.tests.LoginPageTest"/>
  <testcase name="verifyCompanyTechnologies" time="0.063" classname="com.tests.LoginPageTest"/>
  <testcase name="verifyCorrectLoginCredentials" time="2.182" classname="com.tests.LoginPageTest"/>
  <testcase name="verifyIncorrectEmail" time="0.626" classname="com.tests.LoginPageTest"/>
  <testcase name="verifyIncorrectLoginCredentials" time="0.631" classname="com.tests.LoginPageTest"/>
  <testcase name="verifyIncorrectPassword" time="0.481" classname="com.tests.LoginPageTest"/>
  <testcase name="verifyLoginBoxMsg" time="0.002" classname="com.tests.LoginPageTest">
    <skipped/>
  </testcase> <!-- verifyLoginBoxMsg -->
  <testcase name="verifyLoginPageTitle" time="0.015" classname="com.tests.LoginPageTest"/>
  <testcase name="verifyNoDataLogin" time="0.442" classname="com.tests.LoginPageTest"/>
  <testcase name="verifyRegisterNewMembershipLinkClikable" time="0.47" classname="com.tests.LoginPageTest"/>
  <testcase name="verifycompanyName" time="0.079" classname="com.tests.LoginPageTest"/>
</testsuite> <!-- Default test -->
