<?xml version="1.0" encoding="UTF-8"?>
<!-- Generated by org.testng.reporters.JUnitXMLReporter -->
<testsuite hostname="DESKTOP-GP5KJ4J" ignored="0" name="Test" tests="17" failures="0" timestamp="12 Feb 2022 15:45:31 GMT" time="19.801" errors="0">
  <testcase name="test03" time="0.028" classname="com.tests.LoginPageTest">
    <skipped/>
  </testcase> <!-- test03 -->
  <testcase name="verifyBlankEmailField" time="0.644" classname="com.tests.LoginPageTest"/>
  <testcase name="verifyBlankPasswordField" time="0.414" classname="com.tests.LoginPageTest"/>
  <testcase name="verifyCompanyTechnologies" time="0.066" classname="com.tests.LoginPageTest"/>
  <testcase name="verifyCorrectLoginCredentials" time="2.389" classname="com.tests.LoginPageTest"/>
  <testcase name="verifyIncorrectEmail" time="0.716" classname="com.tests.LoginPageTest"/>
  <testcase name="verifyIncorrectLoginCredentials" time="0.539" classname="com.tests.LoginPageTest"/>
  <testcase name="verifyIncorrectPassword" time="0.431" classname="com.tests.LoginPageTest"/>
  <testcase name="verifyLoginBoxMsg" time="0.002" classname="com.tests.LoginPageTest">
    <skipped/>
  </testcase> <!-- verifyLoginBoxMsg -->
  <testcase name="verifyLoginPageTitle" time="0.017" classname="com.tests.LoginPageTest"/>
  <testcase name="verifyNoDataLogin" time="0.461" classname="com.tests.LoginPageTest"/>
  <testcase name="verifyRegisterNewMembershipLinkClikable" time="0.457" classname="com.tests.LoginPageTest"/>
  <testcase name="verifycompanyName" time="0.076" classname="com.tests.LoginPageTest"/>
  <testcase name="verifyAlreadyMembershipLink" time="0.277" classname="com.tests.RegistrationPageTest"/>
  <testcase name="verifyBlankDataOnRegistrationForm" time="1.183" classname="com.tests.RegistrationPageTest"/>
  <testcase name="verifyRegistrationPageForm" time="0.944" classname="com.tests.RegistrationPageTest"/>
  <testcase name="verifyTextRegNewMembership" time="0.078" classname="com.tests.RegistrationPageTest"/>
</testsuite> <!-- Test -->
