<?xml version="1.0" encoding="UTF-8"?>
<!-- Generated by org.testng.reporters.JUnitXMLReporter -->
<testsuite hostname="DESKTOP-GP5KJ4J" ignored="0" name="Test" tests="17" failures="0" timestamp="16 Feb 2022 18:27:45 GMT" time="22.28" errors="0">
  <testcase name="test03" time="0.024" classname="com.tests.LoginPageTest">
    <skipped/>
  </testcase> <!-- test03 -->
  <testcase name="verifyBlankEmailField" time="0.65" classname="com.tests.LoginPageTest"/>
  <testcase name="verifyBlankPasswordField" time="0.382" classname="com.tests.LoginPageTest"/>
  <testcase name="verifyCompanyTechnologies" time="0.048" classname="com.tests.LoginPageTest"/>
  <testcase name="verifyCorrectLoginCredentials" time="2.413" classname="com.tests.LoginPageTest"/>
  <testcase name="verifyIncorrectEmail" time="0.497" classname="com.tests.LoginPageTest"/>
  <testcase name="verifyIncorrectLoginCredentials" time="0.536" classname="com.tests.LoginPageTest"/>
  <testcase name="verifyIncorrectPassword" time="0.39" classname="com.tests.LoginPageTest"/>
  <testcase name="verifyLoginBoxMsg" time="0.002" classname="com.tests.LoginPageTest">
    <skipped/>
  </testcase> <!-- verifyLoginBoxMsg -->
  <testcase name="verifyLoginPageTitle" time="0.01" classname="com.tests.LoginPageTest"/>
  <testcase name="verifyNoDataLogin" time="0.386" classname="com.tests.LoginPageTest"/>
  <testcase name="verifyRegisterNewMembershipLinkClikable" time="0.394" classname="com.tests.LoginPageTest"/>
  <testcase name="verifycompanyName" time="0.083" classname="com.tests.LoginPageTest"/>
  <testcase name="verifyAlreadyMembershipLink" time="0.327" classname="com.tests.RegistrationPageTest"/>
  <testcase name="verifyBlankDataOnRegistrationForm" time="1.41" classname="com.tests.RegistrationPageTest"/>
  <testcase name="verifyRegistrationPageForm" time="0.92" classname="com.tests.RegistrationPageTest"/>
  <testcase name="verifyTextRegNewMembership" time="0.083" classname="com.tests.RegistrationPageTest"/>
</testsuite> <!-- Test -->
