<?xml version="1.0" encoding="UTF-8"?>
<testng-results skipped="2" failed="0" ignored="0" total="17" passed="15">
  <reporter-output>
  </reporter-output>
  <suite name="Suite" duration-ms="22280" started-at="2022-02-16T18:27:23Z" finished-at="2022-02-16T18:27:45Z">
    <groups>
    </groups>
    <test name="Test" duration-ms="22280" started-at="2022-02-16T18:27:23Z" finished-at="2022-02-16T18:27:45Z">
      <class name="com.tests.LoginPageTest">
        <test-method status="PASS" signature="setup()[pri:0, instance:com.tests.LoginPageTest@731a74c]" name="setup" is-config="true" duration-ms="410" started-at="2022-02-16T18:27:22Z" finished-at="2022-02-16T18:27:23Z">
          <reporter-output>
          </reporter-output>
        </test-method> <!-- setup -->
        <test-method status="PASS" signature="setup1()[pri:0, instance:com.tests.LoginPageTest@731a74c]" name="setup1" is-config="true" duration-ms="6459" started-at="2022-02-16T18:27:23Z" finished-at="2022-02-16T18:27:29Z">
          <reporter-output>
          </reporter-output>
        </test-method> <!-- setup1 -->
        <test-method status="SKIP" signature="test03()[pri:0, instance:com.tests.LoginPageTest@731a74c]" name="test03" duration-ms="24" started-at="2022-02-16T18:27:29Z" finished-at="2022-02-16T18:27:29Z">
          <exception class="org.testng.SkipException">
            <message>
              <![CDATA[skipping a test case]]>
            </message>
            <full-stacktrace>
              <![CDATA[org.testng.SkipException: skipping a test case
at com.tests.LoginPageTest.test03(LoginPageTest.java:61)
at sun.reflect.NativeMethodAccessorImpl.invoke0(Native Method)
at sun.reflect.NativeMethodAccessorImpl.invoke(NativeMethodAccessorImpl.java:62)
at sun.reflect.DelegatingMethodAccessorImpl.invoke(DelegatingMethodAccessorImpl.java:43)
at java.lang.reflect.Method.invoke(Method.java:498)
at org.testng.internal.MethodInvocationHelper.invokeMethod(MethodInvocationHelper.java:124)
at org.testng.internal.Invoker.invokeMethod(Invoker.java:583)
at org.testng.internal.Invoker.invokeTestMethod(Invoker.java:719)
at org.testng.internal.Invoker.invokeTestMethods(Invoker.java:989)
at org.testng.internal.TestMethodWorker.invokeTestMethods(TestMethodWorker.java:125)
at org.testng.internal.TestMethodWorker.run(TestMethodWorker.java:109)
at org.testng.TestRunner.privateRun(TestRunner.java:648)
at org.testng.TestRunner.run(TestRunner.java:505)
at org.testng.SuiteRunner.runTest(SuiteRunner.java:455)
at org.testng.SuiteRunner.runSequentially(SuiteRunner.java:450)
at org.testng.SuiteRunner.privateRun(SuiteRunner.java:415)
at org.testng.SuiteRunner.run(SuiteRunner.java:364)
at org.testng.SuiteRunnerWorker.runSuite(SuiteRunnerWorker.java:52)
at org.testng.SuiteRunnerWorker.run(SuiteRunnerWorker.java:84)
at org.testng.TestNG.runSuitesSequentially(TestNG.java:1208)
at org.testng.TestNG.runSuitesLocally(TestNG.java:1137)
at org.testng.TestNG.runSuites(TestNG.java:1049)
at org.testng.TestNG.run(TestNG.java:1017)
at org.testng.remote.AbstractRemoteTestNG.run(AbstractRemoteTestNG.java:114)
at org.testng.remote.RemoteTestNG.initAndRun(RemoteTestNG.java:251)
at org.testng.remote.RemoteTestNG.main(RemoteTestNG.java:77)
]]>
            </full-stacktrace>
          </exception> <!-- org.testng.SkipException -->
          <reporter-output>
          </reporter-output>
        </test-method> <!-- test03 -->
        <test-method status="PASS" signature="verifyBlankEmailField()[pri:0, instance:com.tests.LoginPageTest@731a74c]" name="verifyBlankEmailField" duration-ms="650" started-at="2022-02-16T18:27:29Z" finished-at="2022-02-16T18:27:30Z">
          <reporter-output>
          </reporter-output>
        </test-method> <!-- verifyBlankEmailField -->
        <test-method status="PASS" signature="verifyBlankPasswordField()[pri:0, instance:com.tests.LoginPageTest@731a74c]" name="verifyBlankPasswordField" duration-ms="382" started-at="2022-02-16T18:27:30Z" finished-at="2022-02-16T18:27:30Z">
          <reporter-output>
          </reporter-output>
        </test-method> <!-- verifyBlankPasswordField -->
        <test-method status="PASS" signature="verifyCompanyTechnologies()[pri:0, instance:com.tests.LoginPageTest@731a74c]" name="verifyCompanyTechnologies" duration-ms="48" started-at="2022-02-16T18:27:30Z" finished-at="2022-02-16T18:27:30Z">
          <reporter-output>
          </reporter-output>
        </test-method> <!-- verifyCompanyTechnologies -->
        <test-method status="PASS" signature="verifyCorrectLoginCredentials()[pri:0, instance:com.tests.LoginPageTest@731a74c]" name="verifyCorrectLoginCredentials" duration-ms="2413" started-at="2022-02-16T18:27:30Z" finished-at="2022-02-16T18:27:33Z">
          <reporter-output>
          </reporter-output>
        </test-method> <!-- verifyCorrectLoginCredentials -->
        <test-method status="PASS" signature="verifyIncorrectEmail()[pri:0, instance:com.tests.LoginPageTest@731a74c]" name="verifyIncorrectEmail" duration-ms="497" started-at="2022-02-16T18:27:33Z" finished-at="2022-02-16T18:27:33Z">
          <reporter-output>
          </reporter-output>
        </test-method> <!-- verifyIncorrectEmail -->
        <test-method status="PASS" signature="verifyIncorrectLoginCredentials()[pri:0, instance:com.tests.LoginPageTest@731a74c]" name="verifyIncorrectLoginCredentials" duration-ms="536" started-at="2022-02-16T18:27:33Z" finished-at="2022-02-16T18:27:34Z">
          <reporter-output>
          </reporter-output>
        </test-method> <!-- verifyIncorrectLoginCredentials -->
        <test-method status="PASS" signature="verifyIncorrectPassword()[pri:0, instance:com.tests.LoginPageTest@731a74c]" name="verifyIncorrectPassword" duration-ms="390" started-at="2022-02-16T18:27:34Z" finished-at="2022-02-16T18:27:34Z">
          <reporter-output>
          </reporter-output>
        </test-method> <!-- verifyIncorrectPassword -->
        <test-method status="SKIP" signature="verifyLoginBoxMsg()[pri:0, instance:com.tests.LoginPageTest@731a74c]" name="verifyLoginBoxMsg" duration-ms="2" started-at="2022-02-16T18:27:34Z" finished-at="2022-02-16T18:27:34Z">
          <exception class="org.testng.SkipException">
            <message>
              <![CDATA[skipping a test case verify login box msg]]>
            </message>
            <full-stacktrace>
              <![CDATA[org.testng.SkipException: skipping a test case verify login box msg
at com.tests.LoginPageTest.verifyLoginBoxMsg(LoginPageTest.java:84)
at sun.reflect.NativeMethodAccessorImpl.invoke0(Native Method)
at sun.reflect.NativeMethodAccessorImpl.invoke(NativeMethodAccessorImpl.java:62)
at sun.reflect.DelegatingMethodAccessorImpl.invoke(DelegatingMethodAccessorImpl.java:43)
at java.lang.reflect.Method.invoke(Method.java:498)
at org.testng.internal.MethodInvocationHelper.invokeMethod(MethodInvocationHelper.java:124)
at org.testng.internal.Invoker.invokeMethod(Invoker.java:583)
at org.testng.internal.Invoker.invokeTestMethod(Invoker.java:719)
at org.testng.internal.Invoker.invokeTestMethods(Invoker.java:989)
at org.testng.internal.TestMethodWorker.invokeTestMethods(TestMethodWorker.java:125)
at org.testng.internal.TestMethodWorker.run(TestMethodWorker.java:109)
at org.testng.TestRunner.privateRun(TestRunner.java:648)
at org.testng.TestRunner.run(TestRunner.java:505)
at org.testng.SuiteRunner.runTest(SuiteRunner.java:455)
at org.testng.SuiteRunner.runSequentially(SuiteRunner.java:450)
at org.testng.SuiteRunner.privateRun(SuiteRunner.java:415)
at org.testng.SuiteRunner.run(SuiteRunner.java:364)
at org.testng.SuiteRunnerWorker.runSuite(SuiteRunnerWorker.java:52)
at org.testng.SuiteRunnerWorker.run(SuiteRunnerWorker.java:84)
at org.testng.TestNG.runSuitesSequentially(TestNG.java:1208)
at org.testng.TestNG.runSuitesLocally(TestNG.java:1137)
at org.testng.TestNG.runSuites(TestNG.java:1049)
at org.testng.TestNG.run(TestNG.java:1017)
at org.testng.remote.AbstractRemoteTestNG.run(AbstractRemoteTestNG.java:114)
at org.testng.remote.RemoteTestNG.initAndRun(RemoteTestNG.java:251)
at org.testng.remote.RemoteTestNG.main(RemoteTestNG.java:77)
]]>
            </full-stacktrace>
          </exception> <!-- org.testng.SkipException -->
          <reporter-output>
          </reporter-output>
        </test-method> <!-- verifyLoginBoxMsg -->
        <test-method status="PASS" signature="verifyLoginPageTitle()[pri:0, instance:com.tests.LoginPageTest@731a74c]" name="verifyLoginPageTitle" duration-ms="10" started-at="2022-02-16T18:27:34Z" finished-at="2022-02-16T18:27:34Z">
          <reporter-output>
          </reporter-output>
        </test-method> <!-- verifyLoginPageTitle -->
        <test-method status="PASS" signature="verifyNoDataLogin()[pri:0, instance:com.tests.LoginPageTest@731a74c]" name="verifyNoDataLogin" duration-ms="386" started-at="2022-02-16T18:27:34Z" finished-at="2022-02-16T18:27:34Z">
          <reporter-output>
          </reporter-output>
        </test-method> <!-- verifyNoDataLogin -->
        <test-method status="PASS" signature="verifyRegisterNewMembershipLinkClikable()[pri:0, instance:com.tests.LoginPageTest@731a74c]" name="verifyRegisterNewMembershipLinkClikable" duration-ms="394" started-at="2022-02-16T18:27:34Z" finished-at="2022-02-16T18:27:35Z">
          <reporter-output>
          </reporter-output>
        </test-method> <!-- verifyRegisterNewMembershipLinkClikable -->
        <test-method status="PASS" signature="verifycompanyName()[pri:0, instance:com.tests.LoginPageTest@731a74c]" name="verifycompanyName" duration-ms="83" started-at="2022-02-16T18:27:35Z" finished-at="2022-02-16T18:27:35Z">
          <reporter-output>
          </reporter-output>
        </test-method> <!-- verifycompanyName -->
        <test-method status="PASS" signature="closesetup()[pri:0, instance:com.tests.LoginPageTest@731a74c]" name="closesetup" is-config="true" duration-ms="246" started-at="2022-02-16T18:27:35Z" finished-at="2022-02-16T18:27:35Z">
          <reporter-output>
          </reporter-output>
        </test-method> <!-- closesetup -->
        <test-method status="PASS" signature="teardown()[pri:0, instance:com.tests.LoginPageTest@731a74c]" name="teardown" is-config="true" duration-ms="757" started-at="2022-02-16T18:27:45Z" finished-at="2022-02-16T18:27:46Z">
          <reporter-output>
          </reporter-output>
        </test-method> <!-- teardown -->
      </class> <!-- com.tests.LoginPageTest -->
      <class name="com.tests.RegistrationPageTest">
        <test-method status="PASS" signature="setup()[pri:0, instance:com.tests.RegistrationPageTest@369f73a2]" name="setup" is-config="true" duration-ms="6715" started-at="2022-02-16T18:27:35Z" finished-at="2022-02-16T18:27:42Z">
          <reporter-output>
          </reporter-output>
        </test-method> <!-- setup -->
        <test-method status="PASS" signature="verifyAlreadyMembershipLink()[pri:0, instance:com.tests.RegistrationPageTest@369f73a2]" name="verifyAlreadyMembershipLink" duration-ms="327" started-at="2022-02-16T18:27:42Z" finished-at="2022-02-16T18:27:42Z">
          <reporter-output>
          </reporter-output>
        </test-method> <!-- verifyAlreadyMembershipLink -->
        <test-method status="PASS" signature="verifyBlankDataOnRegistrationForm()[pri:0, instance:com.tests.RegistrationPageTest@369f73a2]" name="verifyBlankDataOnRegistrationForm" duration-ms="1410" started-at="2022-02-16T18:27:42Z" finished-at="2022-02-16T18:27:44Z">
          <reporter-output>
          </reporter-output>
        </test-method> <!-- verifyBlankDataOnRegistrationForm -->
        <test-method status="PASS" signature="verifyRegistrationPageForm()[pri:0, instance:com.tests.RegistrationPageTest@369f73a2]" name="verifyRegistrationPageForm" duration-ms="920" started-at="2022-02-16T18:27:44Z" finished-at="2022-02-16T18:27:45Z">
          <reporter-output>
          </reporter-output>
        </test-method> <!-- verifyRegistrationPageForm -->
        <test-method status="PASS" signature="verifyTextRegNewMembership()[pri:0, instance:com.tests.RegistrationPageTest@369f73a2]" name="verifyTextRegNewMembership" duration-ms="83" started-at="2022-02-16T18:27:45Z" finished-at="2022-02-16T18:27:45Z">
          <reporter-output>
          </reporter-output>
        </test-method> <!-- verifyTextRegNewMembership -->
        <test-method status="PASS" signature="teardown()[pri:0, instance:com.tests.RegistrationPageTest@369f73a2]" name="teardown" is-config="true" duration-ms="215" started-at="2022-02-16T18:27:45Z" finished-at="2022-02-16T18:27:45Z">
          <reporter-output>
          </reporter-output>
        </test-method> <!-- teardown -->
      </class> <!-- com.tests.RegistrationPageTest -->
    </test> <!-- Test -->
  </suite> <!-- Suite -->
</testng-results>
